<?xml version="1.0" encoding="UTF-8"?>
<!-- Generated by org.testng.reporters.JUnitXMLReporter -->
<testsuite ignored="2" hostname="DESKTOP-KIS4N2E" failures="2" tests="3" name="Default test(failed)(failed)" time="0.092" errors="0" timestamp="2023-12-22T20:05:18 IST">
  <testcase classname="testNGxmlUse.MyClass" name="Tc3" time="0.012"/>
  <testcase classname="testNGxmlUse.MyClass" name="Tc5" time="0.007">
    <failure type="java.lang.AssertionError" message="null">
      <![CDATA[java.lang.AssertionError: null
at testNGxmlUse.MyClass.Tc5(MyClass.java:35)
at java.base/java.util.ArrayList.forEach(ArrayList.java:1511)
... Removed 29 stack frames]]>
    </failure>
  </testcase> <!-- Tc5 -->
  <testcase classname="testNGxmlUse.MyClass" name="Tc4" time="0.002">
    <failure type="java.lang.AssertionError" message="null">
      <![CDATA[java.lang.AssertionError: null
at testNGxmlUse.MyClass.Tc4(MyClass.java:30)
at java.base/java.util.ArrayList.forEach(ArrayList.java:1511)
... Removed 29 stack frames]]>
    </failure>
  </testcase> <!-- Tc4 -->
  <testcase classname="testNGxmlUse.MyClass" name="Tc1" time="0.0">
    <ignored/>
  </testcase> <!-- Tc1 -->
  <testcase classname="testNGxmlUse.MyClass" name="Tc2" time="0.0">
    <ignored/>
  </testcase> <!-- Tc2 -->
</testsuite> <!-- Default test(failed)(failed) -->
