<?xml version="1.0" encoding="UTF-8"?>
<!-- Generated by org.testng.reporters.JUnitXMLReporter -->
<testsuite ignored="3" hostname="DESKTOP-KIS4N2E" failures="1" tests="2" name="Default test(failed)(failed)(failed)" time="0.084" errors="0" timestamp="2023-12-22T20:06:54 IST">
  <testcase classname="testNGxmlUse.MyClass" name="Tc5" time="0.014">
    <failure type="java.lang.AssertionError" message="null">
      <![CDATA[java.lang.AssertionError: null
at testNGxmlUse.MyClass.Tc5(MyClass.java:35)
at java.base/java.util.ArrayList.forEach(ArrayList.java:1511)
... Removed 29 stack frames]]>
    </failure>
  </testcase> <!-- Tc5 -->
  <testcase classname="testNGxmlUse.MyClass" name="Tc4" time="0.003"/>
  <testcase classname="testNGxmlUse.MyClass" name="Tc3" time="0.0">
    <ignored/>
  </testcase> <!-- Tc3 -->
  <testcase classname="testNGxmlUse.MyClass" name="Tc1" time="0.0">
    <ignored/>
  </testcase> <!-- Tc1 -->
  <testcase classname="testNGxmlUse.MyClass" name="Tc2" time="0.0">
    <ignored/>
  </testcase> <!-- Tc2 -->
</testsuite> <!-- Default test(failed)(failed)(failed) -->
