<?xml version="1.0" encoding="UTF-8"?>
<!-- Generated by org.testng.reporters.JUnitXMLReporter -->
<testsuite ignored="4" hostname="DESKTOP-KIS4N2E" failures="0" tests="1" name="Default test(failed)(failed)(failed)(failed)" time="0.076" errors="0" timestamp="2023-12-22T20:08:20 IST">
  <testcase classname="testNGxmlUse.MyClass" name="Tc5" time="0.012"/>
  <testcase classname="testNGxmlUse.MyClass" name="Tc3" time="0.0">
    <ignored/>
  </testcase> <!-- Tc3 -->
  <testcase classname="testNGxmlUse.MyClass" name="Tc4" time="0.0">
    <ignored/>
  </testcase> <!-- Tc4 -->
  <testcase classname="testNGxmlUse.MyClass" name="Tc1" time="0.0">
    <ignored/>
  </testcase> <!-- Tc1 -->
  <testcase classname="testNGxmlUse.MyClass" name="Tc2" time="0.0">
    <ignored/>
  </testcase> <!-- Tc2 -->
</testsuite> <!-- Default test(failed)(failed)(failed)(failed) -->
