<?xml version="1.0" encoding="UTF-8"?>
<testng-results ignored="0" total="2" passed="2" failed="0" skipped="0">
  <reporter-output>
    <line>
      <![CDATA[Launching browser ]]>
    </line>
    <line>
      <![CDATA[Reading data from excelSheet]]>
    </line>
    <line>
      <![CDATA[Reading data from excelSheet]]>
    </line>
    <line>
      <![CDATA[Entering mobile Num..]]>
    </line>
    <line>
      <![CDATA[Validating pinCode Error msg]]>
    </line>
    <line>
      <![CDATA[TC is passed]]>
    </line>
    <line>
      <![CDATA[Closing browser ]]>
    </line>
    <line>
      <![CDATA[Launching browser ]]>
    </line>
    <line>
      <![CDATA[clicking on gender button ]]>
    </line>
    <line>
      <![CDATA[clicking on next button ]]>
    </line>
    <line>
      <![CDATA[Handeling age drop down ]]>
    </line>
    <line>
      <![CDATA[Reading data from excelSheet]]>
    </line>
    <line>
      <![CDATA[Clicking on next button ]]>
    </line>
    <line>
      <![CDATA[Entering pin code ]]>
    </line>
    <line>
      <![CDATA[Reading data from excelSheet]]>
    </line>
    <line>
      <![CDATA[Entering mobile num ]]>
    </line>
    <line>
      <![CDATA[Reading data from excelSheet]]>
    </line>
    <line>
      <![CDATA[Entering mobile Num..]]>
    </line>
    <line>
      <![CDATA[Clicking on continue button ]]>
    </line>
    <line>
      <![CDATA[Fetching number of results from text ]]>
    </line>
    <line>
      <![CDATA[Fetching number of results from Banners ]]>
    </line>
    <line>
      <![CDATA[TC is passed ]]>
    </line>
    <line>
      <![CDATA[Closing browser ]]>
    </line>
  </reporter-output>
  <suite started-at="2024-01-03T20:08:54 IST" name="Suite" finished-at="2024-01-03T20:09:38 IST" duration-ms="44439">
    <groups>
    </groups>
    <test started-at="2024-01-03T20:08:54 IST" name="Test" finished-at="2024-01-03T20:09:38 IST" duration-ms="44439">
      <class name="coverFoxTest.CF_TC555_Validate_search_results_for_healthcare_policies">
        <test-method is-config="true" signature="launchBrowser()[pri:0, instance:coverFoxTest.CF_TC555_Validate_search_results_for_healthcare_policies@792b749c]" started-at="2024-01-03T20:09:11 IST" name="launchBrowser" finished-at="2024-01-03T20:09:16 IST" duration-ms="5031" status="PASS">
          <reporter-output>
            <line>
              <![CDATA[Launching browser ]]>
            </line>
          </reporter-output>
        </test-method> <!-- launchBrowser -->
        <test-method is-config="true" signature="enterMemeberDeatils()[pri:0, instance:coverFoxTest.CF_TC555_Validate_search_results_for_healthcare_policies@792b749c]" started-at="2024-01-03T20:09:16 IST" name="enterMemeberDeatils" finished-at="2024-01-03T20:09:21 IST" duration-ms="4959" status="PASS">
          <reporter-output>
            <line>
              <![CDATA[clicking on gender button ]]>
            </line>
            <line>
              <![CDATA[clicking on next button ]]>
            </line>
            <line>
              <![CDATA[Handeling age drop down ]]>
            </line>
            <line>
              <![CDATA[Reading data from excelSheet]]>
            </line>
            <line>
              <![CDATA[Clicking on next button ]]>
            </line>
            <line>
              <![CDATA[Entering pin code ]]>
            </line>
            <line>
              <![CDATA[Reading data from excelSheet]]>
            </line>
            <line>
              <![CDATA[Entering mobile num ]]>
            </line>
            <line>
              <![CDATA[Reading data from excelSheet]]>
            </line>
            <line>
              <![CDATA[Entering mobile Num..]]>
            </line>
            <line>
              <![CDATA[Clicking on continue button ]]>
            </line>
          </reporter-output>
        </test-method> <!-- enterMemeberDeatils -->
        <test-method signature="validateTestPlansFromTextAndBanners()[pri:0, instance:coverFoxTest.CF_TC555_Validate_search_results_for_healthcare_policies@792b749c]" started-at="2024-01-03T20:09:21 IST" name="validateTestPlansFromTextAndBanners" finished-at="2024-01-03T20:09:34 IST" duration-ms="13079" status="PASS">
          <reporter-output>
            <line>
              <![CDATA[Fetching number of results from text ]]>
            </line>
            <line>
              <![CDATA[Fetching number of results from Banners ]]>
            </line>
            <line>
              <![CDATA[TC is passed ]]>
            </line>
          </reporter-output>
        </test-method> <!-- validateTestPlansFromTextAndBanners -->
        <test-method is-config="true" signature="closeBrowser()[pri:0, instance:coverFoxTest.CF_TC555_Validate_search_results_for_healthcare_policies@792b749c]" started-at="2024-01-03T20:09:34 IST" name="closeBrowser" finished-at="2024-01-03T20:09:38 IST" duration-ms="4187" status="PASS">
          <reporter-output>
            <line>
              <![CDATA[Closing browser ]]>
            </line>
          </reporter-output>
        </test-method> <!-- closeBrowser -->
      </class> <!-- coverFoxTest.CF_TC555_Validate_search_results_for_healthcare_policies -->
      <class name="coverFoxTest.CF_TC556_Validate_pinCode_ErrorMsg">
        <test-method is-config="true" signature="launchBrowser()[pri:0, instance:coverFoxTest.CF_TC556_Validate_pinCode_ErrorMsg@76494737]" started-at="2024-01-03T20:08:54 IST" name="launchBrowser" finished-at="2024-01-03T20:09:00 IST" duration-ms="5879" status="PASS">
          <reporter-output>
            <line>
              <![CDATA[Launching browser ]]>
            </line>
          </reporter-output>
        </test-method> <!-- launchBrowser -->
        <test-method is-config="true" signature="enterMemeberDeatils()[pri:0, instance:coverFoxTest.CF_TC556_Validate_pinCode_ErrorMsg@76494737]" started-at="2024-01-03T20:09:00 IST" name="enterMemeberDeatils" finished-at="2024-01-03T20:09:07 IST" duration-ms="7028" status="PASS">
          <reporter-output>
            <line>
              <![CDATA[Reading data from excelSheet]]>
            </line>
            <line>
              <![CDATA[Reading data from excelSheet]]>
            </line>
            <line>
              <![CDATA[Entering mobile Num..]]>
            </line>
          </reporter-output>
        </test-method> <!-- enterMemeberDeatils -->
        <test-method signature="validate_pinCode_ErrorMsg()[pri:0, instance:coverFoxTest.CF_TC556_Validate_pinCode_ErrorMsg@76494737]" started-at="2024-01-03T20:09:07 IST" name="validate_pinCode_ErrorMsg" finished-at="2024-01-03T20:09:07 IST" duration-ms="55" status="PASS">
          <reporter-output>
            <line>
              <![CDATA[Validating pinCode Error msg]]>
            </line>
            <line>
              <![CDATA[TC is passed]]>
            </line>
          </reporter-output>
        </test-method> <!-- validate_pinCode_ErrorMsg -->
        <test-method is-config="true" signature="closeBrowser()[pri:0, instance:coverFoxTest.CF_TC556_Validate_pinCode_ErrorMsg@76494737]" started-at="2024-01-03T20:09:07 IST" name="closeBrowser" finished-at="2024-01-03T20:09:11 IST" duration-ms="4175" status="PASS">
          <reporter-output>
            <line>
              <![CDATA[Closing browser ]]>
            </line>
          </reporter-output>
        </test-method> <!-- closeBrowser -->
      </class> <!-- coverFoxTest.CF_TC556_Validate_pinCode_ErrorMsg -->
    </test> <!-- Test -->
  </suite> <!-- Suite -->
</testng-results>
